2020-06-22 11:52:24 [scrapy.utils.log] INFO: Scrapy 2.0.1 started (bot: crawlers)
2020-06-22 11:52:24 [scrapy.utils.log] INFO: Versions: lxml 4.4.1.0, libxml2 2.9.9, cssselect 1.1.0, parsel 1.5.2, w3lib 1.20.0, Twisted 20.3.0, Python 3.7.4 (default, Aug  9 2019, 18:34:13) [MSC v.1915 64 bit (AMD64)], pyOpenSSL 19.0.0 (OpenSSL 1.1.1d  10 Sep 2019), cryptography 2.7, Platform Windows-10-10.0.18362-SP0
2020-06-22 11:52:24 [scrapy.utils.log] DEBUG: Using reactor: twisted.internet.selectreactor.SelectReactor
2020-06-22 11:52:24 [scrapy.crawler] INFO: Overridden settings:
{'BOT_NAME': 'crawlers', 'DOWNLOAD_DELAY': 1, 'ROBOTSTXT_OBEY': True}
2020-06-22 11:52:24 [scrapy.extensions.telnet] INFO: Telnet Password: 905d30c4be2e193a
2020-06-22 11:52:25 [scrapy.middleware] INFO: Enabled extensions:
['scrapy.extensions.corestats.CoreStats',
 'scrapy.extensions.telnet.TelnetConsole',
 'scrapy.extensions.logstats.LogStats']
2020-06-22 11:52:27 [scrapy.middleware] WARNING: Disabled SeleniumMiddleware: SELENIUM_DRIVER_NAME and SELENIUM_DRIVER_EXECUTABLE_PATH must be set
2020-06-22 11:52:27 [scrapy.middleware] INFO: Enabled downloader middlewares:
['scrapy.downloadermiddlewares.robotstxt.RobotsTxtMiddleware',
 'scrapy.downloadermiddlewares.httpauth.HttpAuthMiddleware',
 'scrapy.downloadermiddlewares.downloadtimeout.DownloadTimeoutMiddleware',
 'scrapy.downloadermiddlewares.defaultheaders.DefaultHeadersMiddleware',
 'scrapy.downloadermiddlewares.useragent.UserAgentMiddleware',
 'scrapy.downloadermiddlewares.retry.RetryMiddleware',
 'scrapy.downloadermiddlewares.redirect.MetaRefreshMiddleware',
 'scrapy.downloadermiddlewares.httpcompression.HttpCompressionMiddleware',
 'scrapy.downloadermiddlewares.redirect.RedirectMiddleware',
 'scrapy.downloadermiddlewares.cookies.CookiesMiddleware',
 'scrapy.downloadermiddlewares.httpproxy.HttpProxyMiddleware',
 'scrapy.downloadermiddlewares.stats.DownloaderStats']
2020-06-22 11:52:27 [scrapy.middleware] INFO: Enabled spider middlewares:
['scrapy.spidermiddlewares.httperror.HttpErrorMiddleware',
 'scrapy.spidermiddlewares.offsite.OffsiteMiddleware',
 'scrapy.spidermiddlewares.referer.RefererMiddleware',
 'scrapy.spidermiddlewares.urllength.UrlLengthMiddleware',
 'scrapy.spidermiddlewares.depth.DepthMiddleware']
2020-06-22 11:52:27 [scrapy.middleware] INFO: Enabled item pipelines:
[]
2020-06-22 11:52:27 [scrapy.core.engine] INFO: Spider opened
2020-06-22 11:52:27 [scrapy.extensions.logstats] INFO: Crawled 0 pages (at 0 pages/min), scraped 0 items (at 0 items/min)
2020-06-22 11:52:27 [scrapy.extensions.telnet] INFO: Telnet console listening on 127.0.0.1:6024
2020-06-22 11:52:28 [scrapy.core.engine] DEBUG: Crawled (404) <GET https://saolourenco.mg.gov.br/robots.txt> (referer: None)
2020-06-22 11:52:29 [scrapy.core.engine] DEBUG: Crawled (404) <GET https://saolourenco.mg.gov.br/poficiais.php> (referer: None)
2020-06-22 11:52:29 [py.warnings] WARNING: D:\Users\gabri\Anaconda3\lib\site-packages\scrapy\core\scraper.py:148: UserWarning: The "StaticPageSpider.parse" method is a generator and includes a "return" statement with a value different than None. This could lead to unexpected behaviour. Please see https://docs.python.org/3/reference/simple_stmts.html#the-return-statement for details about the semantics of the "return" statement within generators
  warn_on_generator_with_return_value(spider, callback)

2020-06-22 11:52:29 [scrapy.spidermiddlewares.httperror] INFO: Ignoring response <404 https://saolourenco.mg.gov.br/poficiais.php>: HTTP status code is not handled or not allowed
2020-06-22 11:52:29 [scrapy.core.engine] INFO: Closing spider (finished)
2020-06-22 11:52:29 [scrapy.statscollectors] INFO: Dumping Scrapy stats:
{'downloader/request_bytes': 465,
 'downloader/request_count': 2,
 'downloader/request_method_count/GET': 2,
 'downloader/response_bytes': 1022,
 'downloader/response_count': 2,
 'downloader/response_status_count/404': 2,
 'elapsed_time_seconds': 1.980408,
 'finish_reason': 'finished',
 'finish_time': datetime.datetime(2020, 6, 22, 14, 52, 29, 685723),
 'httperror/response_ignored_count': 1,
 'httperror/response_ignored_status_count/404': 1,
 'log_count/DEBUG': 2,
 'log_count/INFO': 11,
 'log_count/WARNING': 2,
 'response_received_count': 2,
 'robotstxt/request_count': 1,
 'robotstxt/response_count': 1,
 'robotstxt/response_status_count/404': 1,
 'scheduler/dequeued': 1,
 'scheduler/dequeued/memory': 1,
 'scheduler/enqueued': 1,
 'scheduler/enqueued/memory': 1,
 'start_time': datetime.datetime(2020, 6, 22, 14, 52, 27, 705315)}
2020-06-22 11:52:29 [scrapy.core.engine] INFO: Spider closed (finished)
