2020-06-22 16:49:09 [scrapy.utils.log] INFO: Scrapy 2.0.1 started (bot: crawlers)
2020-06-22 16:49:09 [scrapy.utils.log] INFO: Versions: lxml 4.4.1.0, libxml2 2.9.9, cssselect 1.1.0, parsel 1.5.2, w3lib 1.20.0, Twisted 20.3.0, Python 3.7.4 (default, Aug  9 2019, 18:34:13) [MSC v.1915 64 bit (AMD64)], pyOpenSSL 19.0.0 (OpenSSL 1.1.1d  10 Sep 2019), cryptography 2.7, Platform Windows-10-10.0.18362-SP0
2020-06-22 16:49:09 [scrapy.utils.log] DEBUG: Using reactor: twisted.internet.selectreactor.SelectReactor
2020-06-22 16:49:09 [scrapy.crawler] INFO: Overridden settings:
{'BOT_NAME': 'crawlers', 'DOWNLOAD_DELAY': 1, 'ROBOTSTXT_OBEY': True}
2020-06-22 16:49:09 [scrapy.extensions.telnet] INFO: Telnet Password: f23756b9e0286f8d
2020-06-22 16:49:09 [scrapy.middleware] INFO: Enabled extensions:
['scrapy.extensions.corestats.CoreStats',
 'scrapy.extensions.telnet.TelnetConsole',
 'scrapy.extensions.logstats.LogStats']
2020-06-22 16:49:09 [scrapy.middleware] WARNING: Disabled SeleniumMiddleware: SELENIUM_DRIVER_NAME and SELENIUM_DRIVER_EXECUTABLE_PATH must be set
2020-06-22 16:49:10 [scrapy.middleware] INFO: Enabled downloader middlewares:
['scrapy.downloadermiddlewares.robotstxt.RobotsTxtMiddleware',
 'scrapy.downloadermiddlewares.httpauth.HttpAuthMiddleware',
 'scrapy.downloadermiddlewares.downloadtimeout.DownloadTimeoutMiddleware',
 'scrapy.downloadermiddlewares.defaultheaders.DefaultHeadersMiddleware',
 'scrapy.downloadermiddlewares.useragent.UserAgentMiddleware',
 'scrapy.downloadermiddlewares.retry.RetryMiddleware',
 'scrapy.downloadermiddlewares.redirect.MetaRefreshMiddleware',
 'scrapy.downloadermiddlewares.httpcompression.HttpCompressionMiddleware',
 'scrapy.downloadermiddlewares.redirect.RedirectMiddleware',
 'scrapy.downloadermiddlewares.cookies.CookiesMiddleware',
 'scrapy.downloadermiddlewares.httpproxy.HttpProxyMiddleware',
 'scrapy.downloadermiddlewares.stats.DownloaderStats']
2020-06-22 16:49:10 [scrapy.middleware] INFO: Enabled spider middlewares:
['scrapy.spidermiddlewares.httperror.HttpErrorMiddleware',
 'scrapy.spidermiddlewares.offsite.OffsiteMiddleware',
 'scrapy.spidermiddlewares.referer.RefererMiddleware',
 'scrapy.spidermiddlewares.urllength.UrlLengthMiddleware',
 'scrapy.spidermiddlewares.depth.DepthMiddleware']
2020-06-22 16:49:10 [scrapy.middleware] INFO: Enabled item pipelines:
[]
2020-06-22 16:49:10 [scrapy.core.engine] INFO: Spider opened
2020-06-22 16:49:10 [scrapy.extensions.logstats] INFO: Crawled 0 pages (at 0 pages/min), scraped 0 items (at 0 items/min)
2020-06-22 16:49:10 [scrapy.extensions.telnet] INFO: Telnet console listening on 127.0.0.1:6023
2020-06-22 16:49:10 [scrapy.core.engine] ERROR: Error while obtaining start requests
Traceback (most recent call last):
  File "D:\Users\gabri\Anaconda3\lib\site-packages\scrapy\core\engine.py", line 127, in _next_request
    request = next(slot.start_requests)
  File "D:\Users\gabri\Documents\GitHub\django-web-interface\crawlers\static_page.py", line 43, in start_requests
    yield scrapy.Request(url=url, callback=self.parse)
  File "D:\Users\gabri\Anaconda3\lib\site-packages\scrapy\http\request\__init__.py", line 25, in __init__
    self._set_url(url)
  File "D:\Users\gabri\Anaconda3\lib\site-packages\scrapy\http\request\__init__.py", line 68, in _set_url
    raise ValueError('Missing scheme in request url: %s' % self._url)
ValueError: Missing scheme in request url: exemplo.com
2020-06-22 16:49:10 [scrapy.core.engine] INFO: Closing spider (finished)
2020-06-22 16:49:10 [scrapy.statscollectors] INFO: Dumping Scrapy stats:
{'elapsed_time_seconds': 0.027046,
 'finish_reason': 'finished',
 'finish_time': datetime.datetime(2020, 6, 22, 19, 49, 10, 34701),
 'log_count/ERROR': 1,
 'log_count/INFO': 10,
 'log_count/WARNING': 1,
 'start_time': datetime.datetime(2020, 6, 22, 19, 49, 10, 7655)}
2020-06-22 16:49:10 [scrapy.core.engine] INFO: Spider closed (finished)
